[debug] [2021-07-04T07:16:50.543Z] ----------------------------------------------------------------------
[debug] [2021-07-04T07:16:50.544Z] Command:       /usr/local/bin/node /usr/local/bin/firebase init
[debug] [2021-07-04T07:16:50.544Z] CLI Version:   9.14.0
[debug] [2021-07-04T07:16:50.544Z] Platform:      darwin
[debug] [2021-07-04T07:16:50.544Z] Node Version:  v14.16.1
[debug] [2021-07-04T07:16:50.545Z] Time:          Sun Jul 04 2021 12:46:50 GMT+0530 (India Standard Time)
[debug] [2021-07-04T07:16:50.545Z] ----------------------------------------------------------------------
[debug] 
[debug] [2021-07-04T07:16:50.551Z] > command requires scopes: ["email","openid","https://www.googleapis.com/auth/cloudplatformprojects.readonly","https://www.googleapis.com/auth/firebase","https://www.googleapis.com/auth/cloud-platform"]
[debug] [2021-07-04T07:16:50.552Z] > authorizing via signed-in user (muddasir009@gmail.com)
[info] 
     ######## #### ########  ######## ########     ###     ######  ########
     ##        ##  ##     ## ##       ##     ##  ##   ##  ##       ##
     ######    ##  ########  ######   ########  #########  ######  ######
     ##        ##  ##    ##  ##       ##     ## ##     ##       ## ##
     ##       #### ##     ## ######## ########  ##     ##  ######  ########

You're about to initialize a Firebase project in this directory:

  /Users/muddasir/projects/react-material-admin-master

[info] 
=== Project Setup
[info] 
[info] First, let's associate this project directory with a Firebase project.
[info] You can create multiple project aliases by running firebase use --add, 
[info] but for now we'll just set up a default project.
[info] 
[debug] [2021-07-04T07:17:24.301Z] >>> [apiv2][query] GET https://firebase.googleapis.com/v1beta1/projects pageSize=100
[debug] [2021-07-04T07:17:25.164Z] <<< [apiv2][status] GET https://firebase.googleapis.com/v1beta1/projects 200
[debug] [2021-07-04T07:17:25.164Z] <<< [apiv2][body] GET https://firebase.googleapis.com/v1beta1/projects [omitted]
[info] i  Using project file-system-31030 (file system) 
[info] 
=== Hosting Setup
[info] 
[info] Your public directory is the folder (relative to your project directory) that
[info] will contain Hosting assets to be uploaded with firebase deploy. If you
[info] have a build process for your assets, use your build's output directory.
[info] 
[debug] [2021-07-04T07:17:59.850Z] >>> [apiv2][query] GET https://www.gstatic.com/firebasejs/releases.json [none]
[debug] [2021-07-04T07:17:59.989Z] <<< [apiv2][status] GET https://www.gstatic.com/firebasejs/releases.json 200
[debug] [2021-07-04T07:17:59.990Z] <<< [apiv2][body] GET https://www.gstatic.com/firebasejs/releases.json {"current":{"version":"8.7.0","browserURL":"https://www.gstatic.com/firebasejs/8.7.0/firebase.js","packageURL":"https://www.gstatic.com/firebasejs/8.7.0/firebase.tgz"},"live":{"version":"8.7","browserURL":"https://www.gstatic.com/firebasejs/live/8.7/firebase.js","packageURL":"https://www.gstatic.com/firebasejs/live/8.7/firebase.tgz"},"components":{"analytics":"https://www.gstatic.com/firebasejs/8.7.0/firebase-analytics.js","app":"https://www.gstatic.com/firebasejs/8.7.0/firebase-app.js","app-check":"https://www.gstatic.com/firebasejs/8.7.0/firebase-app-check.js","auth":"https://www.gstatic.com/firebasejs/8.7.0/firebase-auth.js","database":"https://www.gstatic.com/firebasejs/8.7.0/firebase-database.js","firestore":"https://www.gstatic.com/firebasejs/8.7.0/firebase-firestore.js","functions":"https://www.gstatic.com/firebasejs/8.7.0/firebase-functions.js","installations":"https://www.gstatic.com/firebasejs/8.7.0/firebase-installations.js","messaging":"https://www.gstatic.com/firebasejs/8.7.0/firebase-messaging.js","storage":"https://www.gstatic.com/firebasejs/8.7.0/firebase-storage.js","performance":"https://www.gstatic.com/firebasejs/8.7.0/firebase-performance.js","remote-config":"https://www.gstatic.com/firebasejs/8.7.0/firebase-remote-config.js","firestore.memory":"https://www.gstatic.com/firebasejs/8.7.0/firebase-firestore.memory.js"}}
[info] ✔  Wrote build/index.html 
[info] 
[info] i  Didn't detect a .git folder. Assuming /Users/muddasir/projects/react-material-admin-master is the project root. 
[info] i  Authorizing with GitHub to upload your service account to a GitHub repository's secrets store. 
[info] 
[info] Visit this URL on this device to log in:
[info] https://github.com/login/oauth/authorize?client_id=89cf50f02ac6aaed3484&state=310495464&redirect_uri=http%3A%2F%2Flocalhost%3A9005&scope=read%3Auser%20repo%20public_repo
[info] 
[info] Waiting for authentication...
[debug] [2021-07-04T07:18:26.602Z] >>> HTTP REQUEST POST https://github.com/login/oauth/access_token  
 {"client_id":"89cf50f02ac6aaed3484","client_secret":"3330d14abc895d9a74d5f17cd7a00711fa2c5bf0","code":"de1b60ac9252b24f3401","redirect_uri":"http://localhost:9005","state":"310495464"}
[debug] [2021-07-04T07:18:27.258Z] <<< HTTP RESPONSE 200 {"server":"GitHub.com","date":"Sun, 04 Jul 2021 07:18:27 GMT","content-type":"application/json; charset=utf-8","transfer-encoding":"chunked","vary":"X-PJAX, Accept-Encoding, Accept, X-Requested-With","permissions-policy":"interest-cohort=()","etag":"W/\"806a5138391ef3f1d8874bc8472967da\"","cache-control":"max-age=0, private, must-revalidate","strict-transport-security":"max-age=31536000; includeSubdomains; preload","x-frame-options":"deny","x-content-type-options":"nosniff","x-xss-protection":"0","referrer-policy":"origin-when-cross-origin, strict-origin-when-cross-origin","expect-ct":"max-age=2592000, report-uri=\"https://api.github.com/_private/browser/errors\"","content-security-policy":"default-src 'none'; base-uri 'self'; block-all-mixed-content; connect-src 'self' uploads.github.com www.githubstatus.com collector.githubapp.com api.github.com github-cloud.s3.amazonaws.com github-production-repository-file-5c1aeb.s3.amazonaws.com github-production-upload-manifest-file-7fdce7.s3.amazonaws.com github-production-user-asset-6210df.s3.amazonaws.com cdn.optimizely.com logx.optimizely.com/v1/events translator.github.com wss://alive.github.com; font-src github.githubassets.com; form-action 'self' github.com gist.github.com; frame-ancestors 'none'; frame-src render.githubusercontent.com render-temp.githubusercontent.com viewscreen.githubusercontent.com; img-src 'self' data: github.githubassets.com identicons.github.com collector.githubapp.com github-cloud.s3.amazonaws.com secured-user-images.githubusercontent.com/ *.githubusercontent.com; manifest-src 'self'; media-src 'none'; script-src github.githubassets.com; style-src 'unsafe-inline' github.githubassets.com; worker-src github.com/socket-worker-3f088aa2.js gist.github.com/socket-worker-3f088aa2.js","x-github-request-id":"C3E7:6A89:F9A618:10D827E:60E160C2"}
[debug] [2021-07-04T07:18:27.267Z] >>> [apiv2][query] GET https://api.github.com/user [none]
[debug] [2021-07-04T07:18:27.816Z] <<< [apiv2][status] GET https://api.github.com/user 200
[debug] [2021-07-04T07:18:27.817Z] <<< [apiv2][body] GET https://api.github.com/user {"login":"muddasiret","id":53250358,"node_id":"MDQ6VXNlcjUzMjUwMzU4","avatar_url":"https://avatars.githubusercontent.com/u/53250358?v=4","gravatar_id":"","url":"https://api.github.com/users/muddasiret","html_url":"https://github.com/muddasiret","followers_url":"https://api.github.com/users/muddasiret/followers","following_url":"https://api.github.com/users/muddasiret/following{/other_user}","gists_url":"https://api.github.com/users/muddasiret/gists{/gist_id}","starred_url":"https://api.github.com/users/muddasiret/starred{/owner}{/repo}","subscriptions_url":"https://api.github.com/users/muddasiret/subscriptions","organizations_url":"https://api.github.com/users/muddasiret/orgs","repos_url":"https://api.github.com/users/muddasiret/repos","events_url":"https://api.github.com/users/muddasiret/events{/privacy}","received_events_url":"https://api.github.com/users/muddasiret/received_events","type":"User","site_admin":false,"name":"Muddasir E","company":"@bigbinary ","blog":"","location":"Pune","email":null,"hireable":null,"bio":null,"twitter_username":null,"public_repos":9,"public_gists":1,"followers":0,"following":0,"created_at":"2019-07-24T06:03:52Z","updated_at":"2021-07-04T07:18:23Z","private_gists":2,"total_private_repos":3,"owned_private_repos":3,"disk_usage":22054,"collaborators":2,"two_factor_authentication":true,"plan":{"name":"free","space":976562499,"collaborators":0,"private_repos":10000}}
[info] 
[info] ✔  Success! Logged into GitHub as muddasiret 
[info] 
